19:08:28:690 [ALWAYS]	GUDE Logging Started
19:08:28:691 [INFO]	SqliteResumeCache::SqliteResumeCache basedirectory is null/empty
19:08:28:691 [ERROR]	SqliteResumeCache::CreateSqliteResumeCache creating resume cache pointer failure
19:08:28:691 [ERROR]	Initialize resume cache pointer failure
19:08:28:691 [INFO]	gude policy POLICY_USER limit (2,2,1) chunk 2097152, chunking (UL 0 DL 1), resXfer 1, adapt 0, NSURL 0, timeout 86400 
19:08:28:691 [INFO]	Initialized -- gude-lib version: v0.12.1 app: gude
19:08:31:129 [WARN]	Ignoring attempt to reinit logging to \gude at level 4 retaining 3 days of logs
19:08:31:129 [INFO]	SqliteResumeCache::SqliteResumeCache basedirectory is null/empty
19:08:31:129 [ERROR]	SqliteResumeCache::CreateSqliteResumeCache creating resume cache pointer failure
19:08:31:129 [ERROR]	Initialize resume cache pointer failure
19:08:31:129 [INFO]	gude policy POLICY_USER limit (4,4,1) chunk 2097152, chunking (UL 0 DL 1), resXfer 1, adapt 0, NSURL 1, timeout 86400 
19:08:31:129 [INFO]	Initialized -- gude-lib version: v0.12.1 app: gude
23:56:53:121 [ALWAYS]	GUDE Logging Started
23:56:53:122 [INFO]	SqliteResumeCache::SqliteResumeCache basedirectory is null/empty
23:56:53:122 [ERROR]	SqliteResumeCache::CreateSqliteResumeCache creating resume cache pointer failure
23:56:53:122 [ERROR]	Initialize resume cache pointer failure
23:56:53:122 [INFO]	gude policy POLICY_USER limit (2,2,1) chunk 2097152, chunking (UL 0 DL 1), resXfer 1, adapt 0, NSURL 0, timeout 86400 
23:56:53:122 [INFO]	Initialized -- gude-lib version: v0.12.1 app: gude
23:56:55:773 [WARN]	Ignoring attempt to reinit logging to \gude at level 4 retaining 3 days of logs
23:56:55:773 [INFO]	SqliteResumeCache::SqliteResumeCache basedirectory is null/empty
23:56:55:773 [ERROR]	SqliteResumeCache::CreateSqliteResumeCache creating resume cache pointer failure
23:56:55:773 [ERROR]	Initialize resume cache pointer failure
23:56:55:773 [INFO]	gude policy POLICY_USER limit (4,4,1) chunk 2097152, chunking (UL 0 DL 1), resXfer 1, adapt 0, NSURL 1, timeout 86400 
23:56:55:773 [INFO]	Initialized -- gude-lib version: v0.12.1 app: gude
